# JRE version: OpenJDK Runtime Environment Temurin-17.0.2+8 (17.0.2+8) (build 17.0.2+8)
# Java VM: OpenJDK 64-Bit Server VM Temurin-17.0.2+8 (17.0.2+8, mixed mode, emulated-client, tiered, compressed oops, compressed class ptrs, g1 gc, windows-amd64)
GC Precious Log:
 CPUs: 8 total, 8 available
 Memory: 16180M
 Large Page Support: Disabled
 NUMA Support: Disabled
 Compressed Oops: Enabled (Zero based)
 Heap Region Size: 2M
 Heap Min Capacity: 8M
 Heap Initial Capacity: 254M
 Heap Max Capacity: 4046M
 Pre-touch: Disabled
 Parallel Workers: 8
 Concurrent Workers: 2
 Concurrent Refinement Workers: 8
 Periodic GC: Disabled
Heap:
 garbage-first heap   total 139264K, used 39153K [0x0000000703200000, 0x0000000800000000)
  region size 2048K, 15 young (30720K), 4 survivors (8192K)
 Metaspace       used 57674K, committed 57984K, reserved 1105920K
  class space    used 7611K, committed 7744K, reserved 1048576K
GC Heap History (20 events):
Event: 1.259 GC heap before
{Heap before GC invocations=4 (full 0):
 garbage-first heap   total 40960K, used 28370K [0x0000000703200000, 0x0000000800000000)
  region size 2048K, 13 young (26624K), 2 survivors (4096K)
 Metaspace       used 22776K, committed 23040K, reserved 1073152K
  class space    used 2588K, committed 2752K, reserved 1048576K
}
Event: 1.263 GC heap after
{Heap after GC invocations=5 (full 0):
 garbage-first heap   total 40960K, used 8877K [0x0000000703200000, 0x0000000800000000)
  region size 2048K, 2 young (4096K), 2 survivors (4096K)
 Metaspace       used 22776K, committed 23040K, reserved 1073152K
  class space    used 2588K, committed 2752K, reserved 1048576K
}
Event: 1.278 GC heap before
{Heap before GC invocations=5 (full 0):
 garbage-first heap   total 40960K, used 8877K [0x0000000703200000, 0x0000000800000000)
  region size 2048K, 3 young (6144K), 2 survivors (4096K)
 Metaspace       used 22849K, committed 23104K, reserved 1073152K
  class space    used 2597K, committed 2752K, reserved 1048576K
}
Event: 1.282 GC heap after
{Heap after GC invocations=6 (full 0):
 garbage-first heap   total 40960K, used 9081K [0x0000000703200000, 0x0000000800000000)
  region size 2048K, 1 young (2048K), 1 survivors (2048K)
 Metaspace       used 22849K, committed 23104K, reserved 1073152K
  class space    used 2597K, committed 2752K, reserved 1048576K
}
Event: 1.406 GC heap before
{Heap before GC invocations=6 (full 0):
 garbage-first heap   total 40960K, used 25465K [0x0000000703200000, 0x0000000800000000)
  region size 2048K, 10 young (20480K), 1 survivors (2048K)
 Metaspace       used 23815K, committed 24064K, reserved 1073152K
  class space    used 2756K, committed 2880K, reserved 1048576K
}
Event: 1.409 GC heap after
{Heap after GC invocations=7 (full 0):
 garbage-first heap   total 151552K, used 9615K [0x0000000703200000, 0x0000000800000000)
  region size 2048K, 1 young (2048K), 1 survivors (2048K)
 Metaspace       used 23815K, committed 24064K, reserved 1073152K
  class space    used 2756K, committed 2880K, reserved 1048576K
}
Event: 2.129 GC heap before
{Heap before GC invocations=7 (full 0):
 garbage-first heap   total 151552K, used 97679K [0x0000000703200000, 0x0000000800000000)
  region size 2048K, 44 young (90112K), 1 survivors (2048K)
 Metaspace       used 34131K, committed 34432K, reserved 1081344K
  class space    used 4100K, committed 4224K, reserved 1048576K
}
Event: 2.135 GC heap after
{Heap after GC invocations=8 (full 0):
 garbage-first heap   total 151552K, used 13711K [0x0000000703200000, 0x0000000800000000)
  region size 2048K, 3 young (6144K), 3 survivors (6144K)
 Metaspace       used 34131K, committed 34432K, reserved 1081344K
  class space    used 4100K, committed 4224K, reserved 1048576K
}
Event: 2.219 GC heap before
{Heap before GC invocations=8 (full 0):
 garbage-first heap   total 151552K, used 34191K [0x0000000703200000, 0x0000000800000000)
  region size 2048K, 14 young (28672K), 3 survivors (6144K)
 Metaspace       used 35696K, committed 35968K, reserved 1081344K
  class space    used 4328K, committed 4416K, reserved 1048576K
}
Event: 2.224 GC heap after
{Heap after GC invocations=9 (full 0):
 garbage-first heap   total 151552K, used 14367K [0x0000000703200000, 0x0000000800000000)
  region size 2048K, 4 young (8192K), 4 survivors (8192K)
 Metaspace       used 35696K, committed 35968K, reserved 1081344K
  class space    used 4328K, committed 4416K, reserved 1048576K
}
Event: 2.461 GC heap before
{Heap before GC invocations=10 (full 0):
 garbage-first heap   total 69632K, used 55327K [0x0000000703200000, 0x0000000800000000)
  region size 2048K, 25 young (51200K), 4 survivors (8192K)
 Metaspace       used 39197K, committed 39488K, reserved 1089536K
  class space    used 5014K, committed 5184K, reserved 1048576K
}
Event: 2.468 GC heap after
{Heap after GC invocations=11 (full 0):
 garbage-first heap   total 69632K, used 15704K [0x0000000703200000, 0x0000000800000000)
  region size 2048K, 4 young (8192K), 4 survivors (8192K)
 Metaspace       used 39197K, committed 39488K, reserved 1089536K
  class space    used 5014K, committed 5184K, reserved 1048576K
}
Event: 2.480 GC heap before
{Heap before GC invocations=11 (full 0):
 garbage-first heap   total 69632K, used 17752K [0x0000000703200000, 0x0000000800000000)
  region size 2048K, 5 young (10240K), 4 survivors (8192K)
 Metaspace       used 39397K, committed 39680K, reserved 1089536K
  class space    used 5041K, committed 5184K, reserved 1048576K
}
Event: 2.487 GC heap after
{Heap after GC invocations=12 (full 0):
 garbage-first heap   total 69632K, used 15386K [0x0000000703200000, 0x0000000800000000)
  region size 2048K, 1 young (2048K), 1 survivors (2048K)
 Metaspace       used 39397K, committed 39680K, reserved 1089536K
  class space    used 5041K, committed 5184K, reserved 1048576K
}
Event: 2.711 GC heap before
{Heap before GC invocations=12 (full 0):
 garbage-first heap   total 69632K, used 52250K [0x0000000703200000, 0x0000000800000000)
  region size 2048K, 19 young (38912K), 1 survivors (2048K)
 Metaspace       used 42846K, committed 43200K, reserved 1089536K
  class space    used 5512K, committed 5696K, reserved 1048576K
}
Event: 2.715 GC heap after
{Heap after GC invocations=13 (full 0):
 garbage-first heap   total 139264K, used 15977K [0x0000000703200000, 0x0000000800000000)
  region size 2048K, 1 young (2048K), 1 survivors (2048K)
 Metaspace       used 42846K, committed 43200K, reserved 1089536K
  class space    used 5512K, committed 5696K, reserved 1048576K
}
Event: 3.370 GC heap before
{Heap before GC invocations=13 (full 0):
 garbage-first heap   total 139264K, used 95849K [0x0000000703200000, 0x0000000800000000)
  region size 2048K, 40 young (81920K), 1 survivors (2048K)
 Metaspace       used 49596K, committed 49920K, reserved 1097728K
  class space    used 6576K, committed 6720K, reserved 1048576K
}
Event: 3.376 GC heap after
{Heap after GC invocations=14 (full 0):
 garbage-first heap   total 139264K, used 18091K [0x0000000703200000, 0x0000000800000000)
  region size 2048K, 2 young (4096K), 2 survivors (4096K)
 Metaspace       used 49596K, committed 49920K, reserved 1097728K
  class space    used 6576K, committed 6720K, reserved 1048576K
}
Event: 3.855 GC heap before
{Heap before GC invocations=14 (full 0):
 garbage-first heap   total 139264K, used 95915K [0x0000000703200000, 0x0000000800000000)
  region size 2048K, 40 young (81920K), 2 survivors (4096K)
 Metaspace       used 55797K, committed 56064K, reserved 1097728K
  class space    used 7371K, committed 7488K, reserved 1048576K
}
Event: 3.860 GC heap after
{Heap after GC invocations=15 (full 0):
 garbage-first heap   total 139264K, used 20721K [0x0000000703200000, 0x0000000800000000)
  region size 2048K, 4 young (8192K), 4 survivors (8192K)
 Metaspace       used 55797K, committed 56064K, reserved 1097728K
  class space    used 7371K, committed 7488K, reserved 1048576K
}

