# JRE version: OpenJDK Runtime Environment Temurin-17.0.2+8 (17.0.2+8) (build 17.0.2+8)
# Java VM: OpenJDK 64-Bit Server VM Temurin-17.0.2+8 (17.0.2+8, mixed mode, emulated-client, tiered, compressed oops, compressed class ptrs, g1 gc, windows-amd64)
GC Precious Log:
 CPUs: 8 total, 8 available
 Memory: 16180M
 Large Page Support: Disabled
 NUMA Support: Disabled
 Compressed Oops: Enabled (Zero based)
 Heap Region Size: 2M
 Heap Min Capacity: 8M
 Heap Initial Capacity: 254M
 Heap Max Capacity: 4046M
 Pre-touch: Disabled
 Parallel Workers: 8
 Concurrent Workers: 2
 Concurrent Refinement Workers: 8
 Periodic GC: Disabled
Heap:
 garbage-first heap   total 124928K, used 25375K [0x0000000703200000, 0x0000000800000000)
  region size 2048K, 7 young (14336K), 4 survivors (8192K)
 Metaspace       used 57257K, committed 57600K, reserved 1105920K
  class space    used 7570K, committed 7744K, reserved 1048576K
GC Heap History (20 events):
Event: 2.416 GC heap before
{Heap before GC invocations=5 (full 0):
 garbage-first heap   total 40960K, used 10909K [0x0000000703200000, 0x0000000800000000)
  region size 2048K, 3 young (6144K), 2 survivors (4096K)
 Metaspace       used 22843K, committed 23040K, reserved 1073152K
  class space    used 2598K, committed 2688K, reserved 1048576K
}
Event: 2.423 GC heap after
{Heap after GC invocations=6 (full 0):
 garbage-first heap   total 40960K, used 8983K [0x0000000703200000, 0x0000000800000000)
  region size 2048K, 1 young (2048K), 1 survivors (2048K)
 Metaspace       used 22843K, committed 23040K, reserved 1073152K
  class space    used 2598K, committed 2688K, reserved 1048576K
}
Event: 2.671 GC heap before
{Heap before GC invocations=6 (full 0):
 garbage-first heap   total 40960K, used 27415K [0x0000000703200000, 0x0000000800000000)
  region size 2048K, 10 young (20480K), 1 survivors (2048K)
 Metaspace       used 23777K, committed 24000K, reserved 1073152K
  class space    used 2756K, committed 2880K, reserved 1048576K
}
Event: 2.677 GC heap after
{Heap after GC invocations=7 (full 0):
 garbage-first heap   total 151552K, used 9699K [0x0000000703200000, 0x0000000800000000)
  region size 2048K, 1 young (2048K), 1 survivors (2048K)
 Metaspace       used 23777K, committed 24000K, reserved 1073152K
  class space    used 2756K, committed 2880K, reserved 1048576K
}
Event: 4.144 GC heap before
{Heap before GC invocations=7 (full 0):
 garbage-first heap   total 151552K, used 97763K [0x0000000703200000, 0x0000000800000000)
  region size 2048K, 44 young (90112K), 1 survivors (2048K)
 Metaspace       used 34000K, committed 34240K, reserved 1081344K
  class space    used 4081K, committed 4160K, reserved 1048576K
}
Event: 4.156 GC heap after
{Heap after GC invocations=8 (full 0):
 garbage-first heap   total 151552K, used 13795K [0x0000000703200000, 0x0000000800000000)
  region size 2048K, 3 young (6144K), 3 survivors (6144K)
 Metaspace       used 34000K, committed 34240K, reserved 1081344K
  class space    used 4081K, committed 4160K, reserved 1048576K
}
Event: 4.371 GC heap before
{Heap before GC invocations=8 (full 0):
 garbage-first heap   total 151552K, used 40419K [0x0000000703200000, 0x0000000800000000)
  region size 2048K, 17 young (34816K), 3 survivors (6144K)
 Metaspace       used 35731K, committed 35968K, reserved 1081344K
  class space    used 4344K, committed 4416K, reserved 1048576K
}
Event: 4.382 GC heap after
{Heap after GC invocations=9 (full 0):
 garbage-first heap   total 151552K, used 15102K [0x0000000703200000, 0x0000000800000000)
  region size 2048K, 4 young (8192K), 4 survivors (8192K)
 Metaspace       used 35731K, committed 35968K, reserved 1081344K
  class space    used 4344K, committed 4416K, reserved 1048576K
}
Event: 4.825 GC heap before
{Heap before GC invocations=10 (full 0):
 garbage-first heap   total 69632K, used 47870K [0x0000000703200000, 0x0000000800000000)
  region size 2048K, 20 young (40960K), 4 survivors (8192K)
 Metaspace       used 38673K, committed 38976K, reserved 1089536K
  class space    used 4914K, committed 5056K, reserved 1048576K
}
Event: 4.839 GC heap after
{Heap after GC invocations=11 (full 0):
 garbage-first heap   total 69632K, used 16200K [0x0000000703200000, 0x0000000800000000)
  region size 2048K, 2 young (4096K), 2 survivors (4096K)
 Metaspace       used 38673K, committed 38976K, reserved 1089536K
  class space    used 4914K, committed 5056K, reserved 1048576K
}
Event: 4.866 GC heap before
{Heap before GC invocations=11 (full 0):
 garbage-first heap   total 69632K, used 16200K [0x0000000703200000, 0x0000000800000000)
  region size 2048K, 3 young (6144K), 2 survivors (4096K)
 Metaspace       used 38900K, committed 39168K, reserved 1089536K
  class space    used 4969K, committed 5120K, reserved 1048576K
}
Event: 4.873 GC heap after
{Heap after GC invocations=12 (full 0):
 garbage-first heap   total 69632K, used 15859K [0x0000000703200000, 0x0000000800000000)
  region size 2048K, 1 young (2048K), 1 survivors (2048K)
 Metaspace       used 38900K, committed 39168K, reserved 1089536K
  class space    used 4969K, committed 5120K, reserved 1048576K
}
Event: 5.280 GC heap before
{Heap before GC invocations=12 (full 0):
 garbage-first heap   total 69632K, used 48627K [0x0000000703200000, 0x0000000800000000)
  region size 2048K, 18 young (36864K), 1 survivors (2048K)
 Metaspace       used 42156K, committed 42496K, reserved 1089536K
  class space    used 5431K, committed 5568K, reserved 1048576K
}
Event: 5.286 GC heap after
{Heap after GC invocations=13 (full 0):
 garbage-first heap   total 69632K, used 16326K [0x0000000703200000, 0x0000000800000000)
  region size 2048K, 1 young (2048K), 1 survivors (2048K)
 Metaspace       used 42156K, committed 42496K, reserved 1089536K
  class space    used 5431K, committed 5568K, reserved 1048576K
}
Event: 5.702 GC heap before
{Heap before GC invocations=13 (full 0):
 garbage-first heap   total 69632K, used 53190K [0x0000000703200000, 0x0000000800000000)
  region size 2048K, 19 young (38912K), 1 survivors (2048K)
 Metaspace       used 45609K, committed 45952K, reserved 1089536K
  class space    used 5987K, committed 6144K, reserved 1048576K
}
Event: 5.709 GC heap after
{Heap after GC invocations=14 (full 0):
 garbage-first heap   total 124928K, used 16617K [0x0000000703200000, 0x0000000800000000)
  region size 2048K, 1 young (2048K), 1 survivors (2048K)
 Metaspace       used 45609K, committed 45952K, reserved 1089536K
  class space    used 5987K, committed 6144K, reserved 1048576K
}
Event: 6.789 GC heap before
{Heap before GC invocations=14 (full 0):
 garbage-first heap   total 124928K, used 88297K [0x0000000703200000, 0x0000000800000000)
  region size 2048K, 36 young (73728K), 1 survivors (2048K)
 Metaspace       used 51383K, committed 51712K, reserved 1097728K
  class space    used 6844K, committed 6976K, reserved 1048576K
}
Event: 6.802 GC heap after
{Heap after GC invocations=15 (full 0):
 garbage-first heap   total 124928K, used 19683K [0x0000000703200000, 0x0000000800000000)
  region size 2048K, 3 young (6144K), 3 survivors (6144K)
 Metaspace       used 51383K, committed 51712K, reserved 1097728K
  class space    used 6844K, committed 6976K, reserved 1048576K
}
Event: 9.834 GC heap before
{Heap before GC invocations=15 (full 0):
 garbage-first heap   total 124928K, used 87267K [0x0000000703200000, 0x0000000800000000)
  region size 2048K, 36 young (73728K), 3 survivors (6144K)
 Metaspace       used 56746K, committed 57152K, reserved 1105920K
  class space    used 7488K, committed 7680K, reserved 1048576K
}
Event: 9.843 GC heap after
{Heap after GC invocations=16 (full 0):
 garbage-first heap   total 124928K, used 21279K [0x0000000703200000, 0x0000000800000000)
  region size 2048K, 4 young (8192K), 4 survivors (8192K)
 Metaspace       used 56746K, committed 57152K, reserved 1105920K
  class space    used 7488K, committed 7680K, reserved 1048576K
}

